2018-01-23 22:24:08 [org.springframework.test.context.support.AbstractTestContextBootstrapper:319] - Neither @ContextConfiguration nor @ContextHierarchy found for test class [com.teng.user.JdbcTest], using SpringBootContextLoader
2018-01-23 22:24:08 [org.springframework.test.context.support.AbstractContextLoader:264] - Could not detect default resource locations for test class [com.teng.user.JdbcTest]: no resource found for suffixes {-context.xml, Context.groovy}.
2018-01-23 22:24:08 [org.springframework.test.context.support.AnnotationConfigContextLoaderUtils:81] - Could not detect default configuration classes for test class [com.teng.user.JdbcTest]: JdbcTest does not declare any static, non-private, non-final, nested classes annotated with @Configuration.
2018-01-23 22:24:09 [org.springframework.boot.test.context.SpringBootTestContextBootstrapper:206] - Found @SpringBootConfiguration com.teng.App for test class com.teng.user.JdbcTest
2018-01-23 22:24:09 [org.springframework.test.context.support.AbstractTestContextBootstrapper:260] - Loaded default TestExecutionListener class names from location [META-INF/spring.factories]: [org.springframework.boot.test.mock.mockito.MockitoTestExecutionListener, org.springframework.boot.test.mock.mockito.ResetMocksTestExecutionListener, org.springframework.boot.test.autoconfigure.restdocs.RestDocsTestExecutionListener, org.springframework.boot.test.autoconfigure.web.client.MockRestServiceServerResetTestExecutionListener, org.springframework.boot.test.autoconfigure.web.servlet.MockMvcPrintOnlyOnFailureTestExecutionListener, org.springframework.boot.test.autoconfigure.web.servlet.WebDriverTestExecutionListener, org.springframework.test.context.web.ServletTestExecutionListener, org.springframework.test.context.support.DirtiesContextBeforeModesTestExecutionListener, org.springframework.test.context.support.DependencyInjectionTestExecutionListener, org.springframework.test.context.support.DirtiesContextTestExecutionListener, org.springframework.test.context.transaction.TransactionalTestExecutionListener, org.springframework.test.context.jdbc.SqlScriptsTestExecutionListener]
2018-01-23 22:24:09 [org.springframework.test.context.support.AbstractTestContextBootstrapper:187] - Using TestExecutionListeners: [org.springframework.test.context.web.ServletTestExecutionListener@1a04f701, org.springframework.test.context.support.DirtiesContextBeforeModesTestExecutionListener@4e91d63f, org.springframework.boot.test.autoconfigure.SpringBootDependencyInjectionTestExecutionListener@d4342c2, org.springframework.test.context.support.DirtiesContextTestExecutionListener@2bbf180e, org.springframework.test.context.transaction.TransactionalTestExecutionListener@163e4e87, org.springframework.test.context.jdbc.SqlScriptsTestExecutionListener@56de5251, org.springframework.boot.test.autoconfigure.web.servlet.WebDriverTestExecutionListener@419c5f1a, org.springframework.boot.test.mock.mockito.MockitoTestExecutionListener@12b0404f, org.springframework.boot.test.autoconfigure.web.client.MockRestServiceServerResetTestExecutionListener@769e7ee8, org.springframework.boot.test.autoconfigure.restdocs.RestDocsTestExecutionListener@5276e6b0, org.springframework.boot.test.mock.mockito.ResetMocksTestExecutionListener@71b1176b, org.springframework.boot.test.autoconfigure.web.servlet.MockMvcPrintOnlyOnFailureTestExecutionListener@6193932a]
2018-01-23 22:24:10 [org.springframework.boot.StartupInfoLogger:48] - Starting JdbcTest on DESKTOP-S0139OS with PID 11640 (started by admin in G:\programs\BackGround\Application)
2018-01-23 22:24:10 [org.springframework.boot.SpringApplication:597] - The following profiles are active: dev
2018-01-23 22:24:10 [org.springframework.context.support.AbstractApplicationContext:583] - Refreshing org.springframework.web.context.support.GenericWebApplicationContext@55634720: startup date [Tue Jan 23 22:24:10 CST 2018]; root of context hierarchy
2018-01-23 22:24:11 [org.hibernate.validator.internal.util.Version:30] - HV000001: Hibernate Validator 5.3.6.Final
2018-01-23 22:24:15 [org.springframework.orm.jpa.LocalContainerEntityManagerFactoryBean:356] - Building JPA container EntityManagerFactory for persistence unit 'default'
2018-01-23 22:24:15 [org.hibernate.jpa.internal.util.LogHelper:31] - HHH000204: Processing PersistenceUnitInfo [
	name: default
	...]
2018-01-23 22:24:15 [org.hibernate.Version:37] - HHH000412: Hibernate Core {5.0.12.Final}
2018-01-23 22:24:15 [org.hibernate.cfg.Environment:213] - HHH000206: hibernate.properties not found
2018-01-23 22:24:15 [org.hibernate.cfg.Environment:317] - HHH000021: Bytecode provider name : javassist
2018-01-23 22:24:15 [org.hibernate.annotations.common.reflection.java.JavaReflectionManager:66] - HCANN000001: Hibernate Commons Annotations {5.0.1.Final}
2018-01-23 22:24:15 [org.hibernate.dialect.Dialect:156] - HHH000400: Using dialect: org.hibernate.dialect.Oracle9iDialect
2018-01-23 22:24:17 [org.hibernate.id.UUIDHexGenerator:42] - HHH000409: Using org.hibernate.id.UUIDHexGenerator which does not generate IETF RFC 4122 compliant UUID values; consider using org.hibernate.id.UUIDGenerator instead
2018-01-23 22:24:18 [org.hibernate.tool.hbm2ddl.SchemaUpdate:105] - HHH000228: Running hbm2ddl schema update
2018-01-23 22:24:19 [org.springframework.orm.jpa.AbstractEntityManagerFactoryBean:392] - Initialized JPA EntityManagerFactory for persistence unit 'default'
2018-01-23 22:24:21 [org.hibernate.hql.internal.QueryTranslatorFactoryInitiator:47] - HHH000397: Using ASTQueryTranslatorFactory
2018-01-23 22:24:21 [org.springframework.web.servlet.handler.AbstractHandlerMethodMapping$MappingRegistry:543] - Mapped "{[/]}" onto public java.lang.String com.teng.web.CustomerController.index()
2018-01-23 22:24:21 [org.springframework.web.servlet.handler.AbstractHandlerMethodMapping$MappingRegistry:543] - Mapped "{[/forget]}" onto public com.teng.model.ResponseMsg com.teng.web.CustomerController.forgetPass(java.lang.String)
2018-01-23 22:24:21 [org.springframework.web.servlet.handler.AbstractHandlerMethodMapping$MappingRegistry:543] - Mapped "{[/lockCus]}" onto public com.teng.model.ResponseMsg com.teng.web.CustomerController.lockCustomer(java.lang.String)
2018-01-23 22:24:21 [org.springframework.web.servlet.handler.AbstractHandlerMethodMapping$MappingRegistry:543] - Mapped "{[/login]}" onto public com.teng.model.ResponseMsg com.teng.web.CustomerController.Login(com.teng.model.entity.Customer)
2018-01-23 22:24:21 [org.springframework.web.servlet.handler.AbstractHandlerMethodMapping$MappingRegistry:543] - Mapped "{[/registed]}" onto public com.teng.model.ResponseMsg com.teng.web.CustomerController.registed(com.teng.model.entity.Customer,org.springframework.validation.BindingResult)
2018-01-23 22:24:21 [org.springframework.web.servlet.handler.AbstractHandlerMethodMapping$MappingRegistry:543] - Mapped "{[/getCode]}" onto public com.teng.model.ResponseMsg com.teng.web.CustomerController.getAuthorCode(java.lang.String)
2018-01-23 22:24:21 [org.springframework.web.servlet.handler.AbstractHandlerMethodMapping$MappingRegistry:543] - Mapped "{[/error]}" onto public org.springframework.http.ResponseEntity<java.util.Map<java.lang.String, java.lang.Object>> org.springframework.boot.autoconfigure.web.BasicErrorController.error(javax.servlet.http.HttpServletRequest)
2018-01-23 22:24:21 [org.springframework.web.servlet.handler.AbstractHandlerMethodMapping$MappingRegistry:543] - Mapped "{[/error],produces=[text/html]}" onto public org.springframework.web.servlet.ModelAndView org.springframework.boot.autoconfigure.web.BasicErrorController.errorHtml(javax.servlet.http.HttpServletRequest,javax.servlet.http.HttpServletResponse)
2018-01-23 22:24:21 [org.springframework.web.servlet.handler.AbstractUrlHandlerMapping:362] - Mapped URL path [/static/**] onto handler of type [class org.springframework.web.servlet.resource.ResourceHttpRequestHandler]
2018-01-23 22:24:21 [org.springframework.web.servlet.handler.AbstractUrlHandlerMapping:362] - Mapped URL path [/templates/**] onto handler of type [class org.springframework.web.servlet.resource.ResourceHttpRequestHandler]
2018-01-23 22:24:21 [org.springframework.web.servlet.mvc.method.annotation.RequestMappingHandlerAdapter:534] - Looking for @ControllerAdvice: org.springframework.web.context.support.GenericWebApplicationContext@55634720: startup date [Tue Jan 23 22:24:10 CST 2018]; root of context hierarchy
2018-01-23 22:24:23 [org.springframework.boot.StartupInfoLogger:57] - Started JdbcTest in 13.636 seconds (JVM running for 16.503)
2018-01-23 22:24:23 [com.teng.user.JdbcTest:26] - 查询List成功
2018-01-23 22:24:23 [com.teng.user.JdbcTest:27] - result:
[{"customerId":"269750ca-06b0-4fdd-9bc3-40a516ff4f6f","email":"1234@qq.com","lastLoginTime":"2018年1月17日22:47:39","loginName":"admin","loginPwd":"","mobile":"12374728281","regTime":"2018年1月17日22:48:09","status":"01"},{"customerId":"aa679de5-3ed8-4525-881e-81de932130f1","email":"1234@qq.com","lastLoginTime":"2018年1月17日22:47:39","loginName":"admin0","loginPwd":"","mobile":"12374728281","regTime":"2018年1月17日22:48:09","status":"01"},{"customerId":"b124f706-98ee-40f3-a516-4f5fe6e7c639","email":"1234@qq.com","lastLoginTime":"2018年1月17日22:47:39","loginName":"admin1","loginPwd":"","mobile":"12374728281","regTime":"2018年1月17日22:48:09","status":"01"},{"customerId":"654ff4c0-2afa-43e0-b388-f3e379232340","email":"1234@qq.com","lastLoginTime":"2018年1月17日22:47:39","loginName":"admin2","loginPwd":"","mobile":"12374728281","regTime":"2018年1月17日22:48:09","status":"01"},{"customerId":"3f8b3403-61c4-4388-8cce-4b2ea628a141","email":"1234@qq.com","lastLoginTime":"2018年1月17日22:47:39","loginName":"admin3","loginPwd":"","mobile":"12374728281","regTime":"2018年1月17日22:48:09","status":"01"},{"customerId":"ae261948-75c0-40e6-8f8f-9800216b1ac7","email":"1234@qq.com","lastLoginTime":"2018年1月17日22:47:39","loginName":"admin4","loginPwd":"","mobile":"12374728281","regTime":"2018年1月17日22:48:09","status":"01"},{"customerId":"c18390cb-ac21-431b-ad6d-4e3c2399ddc4","email":"1234@qq.com","lastLoginTime":"2018年1月17日22:47:39","loginName":"admin5","loginPwd":"","mobile":"12374728281","regTime":"2018年1月17日22:48:09","status":"01"},{"customerId":"f1e4de41-ea99-4d79-9c95-b32ba02a019b","email":"1234@qq.com","lastLoginTime":"2018年1月17日22:47:39","loginName":"admin6","loginPwd":"","mobile":"12374728281","regTime":"2018年1月17日22:48:09","status":"01"},{"customerId":"2b25180d-3512-487c-bcf7-5a2487b95241","email":"1234@qq.com","lastLoginTime":"2018年1月17日22:47:39","loginName":"admin7","loginPwd":"","mobile":"12374728281","regTime":"2018年1月17日22:48:09","status":"01"},{"customerId":"59cbbb82-3713-4a6d-9f12-a49b7e19d021","email":"1234@qq.com","lastLoginTime":"2018年1月17日22:47:39","loginName":"admin8","loginPwd":"","mobile":"12374728281","regTime":"2018年1月17日22:48:09","status":"01"},{"customerId":"98489e30-940e-476c-ab60-a684c1ef44cc","email":"1234@qq.com","lastLoginTime":"2018年1月17日22:47:39","loginName":"admin9","loginPwd":"","mobile":"12374728281","regTime":"2018年1月17日22:48:09","status":"01"}]
2018-01-23 22:24:23 [org.springframework.context.support.AbstractApplicationContext:984] - Closing org.springframework.web.context.support.GenericWebApplicationContext@55634720: startup date [Tue Jan 23 22:24:10 CST 2018]; root of context hierarchy
2018-01-23 22:24:23 [org.springframework.orm.jpa.AbstractEntityManagerFactoryBean:563] - Closing JPA EntityManagerFactory for persistence unit 'default'
